{
  "RSpec": {
    "coverage": {
      "/Users/charlottemannion/Projects/Makers/week_six/blog/spec/controllers/articles_controller_spec.rb": {
        "lines": [
          1,
          1,
          null,
          1,
          1,
          1,
          1,
          1,
          null,
          null,
          null,
          1,
          1,
          1,
          1,
          1,
          null,
          null,
          null,
          null
        ]
      },
      "/Users/charlottemannion/Projects/Makers/week_six/blog/spec/rails_helper.rb": {
        "lines": [
          null,
          1,
          1,
          1,
          1,
          null,
          1,
          null,
          null,
          1,
          1,
          null,
          null,
          null,
          null,
          null,
          null,
          null,
          null,
          null,
          null,
          null,
          null,
          null,
          null,
          null,
          null,
          null,
          null,
          null,
          1,
          1,
          null,
          0,
          0,
          null,
          1,
          null,
          1,
          null,
          null,
          null,
          null,
          1,
          null,
          null,
          null,
          null,
          null,
          null,
          null,
          null,
          null,
          null,
          null,
          null,
          null,
          null,
          1,
          null,
          null,
          1,
          null,
          null,
          null
        ]
      },
      "/Users/charlottemannion/Projects/Makers/week_six/blog/config/environment.rb": {
        "lines": [
          null,
          1,
          null,
          null,
          1
        ]
      },
      "/Users/charlottemannion/Projects/Makers/week_six/blog/config/application.rb": {
        "lines": [
          1,
          null,
          1,
          null,
          null,
          null,
          1,
          null,
          1,
          1,
          null,
          1,
          null,
          null,
          null,
          null,
          null,
          null,
          null
        ]
      },
      "/Users/charlottemannion/Projects/Makers/week_six/blog/config/boot.rb": {
        "lines": [
          1,
          null,
          1,
          1
        ]
      },
      "/Users/charlottemannion/Projects/Makers/week_six/blog/config/environments/test.rb": {
        "lines": [
          null,
          null,
          null,
          null,
          null,
          1,
          null,
          null,
          1,
          null,
          null,
          null,
          null,
          1,
          null,
          null,
          1,
          1,
          null,
          null,
          null,
          null,
          1,
          1,
          1,
          null,
          null,
          1,
          null,
          null,
          1,
          null,
          null,
          1,
          null,
          1,
          null,
          null,
          null,
          null,
          1,
          null,
          null,
          1,
          null,
          null,
          null,
          null
        ]
      },
      "/Users/charlottemannion/Projects/Makers/week_six/blog/config/initializers/application_controller_renderer.rb": {
        "lines": [
          null,
          null,
          null,
          null,
          null,
          null,
          null,
          null
        ]
      },
      "/Users/charlottemannion/Projects/Makers/week_six/blog/config/initializers/assets.rb": {
        "lines": [
          null,
          null,
          null,
          1,
          null,
          null,
          null,
          null,
          1,
          null,
          null,
          null,
          null,
          null
        ]
      },
      "/Users/charlottemannion/Projects/Makers/week_six/blog/config/initializers/backtrace_silencers.rb": {
        "lines": [
          null,
          null,
          null,
          null,
          null,
          null,
          null
        ]
      },
      "/Users/charlottemannion/Projects/Makers/week_six/blog/config/initializers/content_security_policy.rb": {
        "lines": [
          null,
          null,
          null,
          null,
          null,
          null,
          null,
          null,
          null,
          null,
          null,
          null,
          null,
          null,
          null,
          null,
          null,
          null,
          null,
          null,
          null,
          null,
          null,
          null,
          null,
          null,
          null,
          null,
          null,
          null
        ]
      },
      "/Users/charlottemannion/Projects/Makers/week_six/blog/config/initializers/cookies_serializer.rb": {
        "lines": [
          null,
          null,
          null,
          null,
          1
        ]
      },
      "/Users/charlottemannion/Projects/Makers/week_six/blog/config/initializers/filter_parameter_logging.rb": {
        "lines": [
          null,
          null,
          null,
          1
        ]
      },
      "/Users/charlottemannion/Projects/Makers/week_six/blog/config/initializers/inflections.rb": {
        "lines": [
          null,
          null,
          null,
          null,
          null,
          null,
          null,
          null,
          null,
          null,
          null,
          null,
          null,
          null,
          null,
          null
        ]
      },
      "/Users/charlottemannion/Projects/Makers/week_six/blog/config/initializers/mime_types.rb": {
        "lines": [
          null,
          null,
          null,
          null
        ]
      },
      "/Users/charlottemannion/Projects/Makers/week_six/blog/config/initializers/wrap_parameters.rb": {
        "lines": [
          null,
          null,
          null,
          null,
          null,
          null,
          1,
          2,
          null,
          null,
          null,
          null,
          null,
          null
        ]
      },
      "/Users/charlottemannion/Projects/Makers/week_six/blog/config/routes.rb": {
        "lines": [
          1,
          1,
          null,
          1,
          1,
          null,
          null,
          1,
          null,
          null
        ]
      },
      "/Users/charlottemannion/Projects/Makers/week_six/blog/app/helpers/application_helper.rb": {
        "lines": [
          1,
          null
        ]
      },
      "/Users/charlottemannion/Projects/Makers/week_six/blog/app/helpers/articles_helper.rb": {
        "lines": [
          1,
          null
        ]
      },
      "/Users/charlottemannion/Projects/Makers/week_six/blog/app/helpers/comments_helper.rb": {
        "lines": [
          1,
          null
        ]
      },
      "/Users/charlottemannion/Projects/Makers/week_six/blog/app/helpers/welcome_helper.rb": {
        "lines": [
          1,
          null
        ]
      },
      "/Users/charlottemannion/Projects/Makers/week_six/blog/test/test_helper.rb": {
        "lines": [
          1,
          1,
          1,
          1,
          1,
          null,
          1,
          null,
          1,
          null,
          null,
          1,
          null,
          null,
          null
        ]
      },
      "/Users/charlottemannion/Projects/Makers/week_six/blog/app/controllers/articles_controller.rb": {
        "lines": [
          1,
          null,
          1,
          0,
          null,
          null,
          1,
          3,
          null,
          null,
          1,
          1,
          null,
          null,
          1,
          2,
          null,
          null,
          1,
          0,
          null,
          null,
          1,
          1,
          null,
          1,
          1,
          null,
          0,
          null,
          null,
          null,
          1,
          0,
          null,
          0,
          0,
          null,
          0,
          null,
          null,
          null,
          1,
          0,
          0,
          null,
          0,
          null,
          null,
          1,
          1,
          1,
          null,
          null
        ]
      },
      "/Users/charlottemannion/Projects/Makers/week_six/blog/app/controllers/application_controller.rb": {
        "lines": [
          1,
          null
        ]
      },
      "/Users/charlottemannion/Projects/Makers/week_six/blog/spec/controllers/welcome_controller_spec.rb": {
        "lines": [
          null,
          null,
          null,
          null,
          null,
          null,
          null,
          null,
          null,
          null
        ]
      },
      "/Users/charlottemannion/Projects/Makers/week_six/blog/spec/features/add_article_spec.rb": {
        "lines": [
          1,
          null,
          1,
          1,
          1,
          1,
          1,
          1,
          null,
          null,
          1,
          1,
          1,
          1,
          1,
          1,
          1,
          1,
          null,
          null
        ]
      },
      "/Users/charlottemannion/Projects/Makers/week_six/blog/spec/features/view_blog_spec.rb": {
        "lines": [
          1,
          null,
          1,
          1,
          1,
          1,
          1,
          null,
          null
        ]
      },
      "/Users/charlottemannion/Projects/Makers/week_six/blog/spec/features/visit_home_page_spec.rb": {
        "lines": [
          1,
          null,
          1,
          1,
          1,
          1,
          1,
          null,
          null
        ]
      },
      "/Users/charlottemannion/Projects/Makers/week_six/blog/spec/models/article_spec.rb": {
        "lines": [
          1,
          null,
          1,
          2,
          null
        ]
      },
      "/Users/charlottemannion/Projects/Makers/week_six/blog/app/models/article.rb": {
        "lines": [
          1,
          1,
          1,
          null,
          null
        ]
      },
      "/Users/charlottemannion/Projects/Makers/week_six/blog/app/models/application_record.rb": {
        "lines": [
          1,
          1,
          null
        ]
      },
      "/Users/charlottemannion/Projects/Makers/week_six/blog/spec/models/comment_spec.rb": {
        "lines": [
          1,
          null,
          1,
          2,
          null
        ]
      },
      "/Users/charlottemannion/Projects/Makers/week_six/blog/app/models/comment.rb": {
        "lines": [
          1,
          1,
          null
        ]
      },
      "/Users/charlottemannion/Projects/Makers/week_six/blog/spec/requests/blog_flows_spec.rb": {
        "lines": [
          null,
          null,
          null,
          null,
          null,
          null,
          null,
          null,
          null,
          null,
          null,
          null,
          null,
          null,
          null,
          null,
          null
        ]
      },
      "/Users/charlottemannion/Projects/Makers/week_six/blog/spec/requests/user_flows_spec.rb": {
        "lines": [
          null,
          null,
          null,
          null,
          null,
          null,
          null,
          null,
          null,
          null
        ]
      },
      "/Users/charlottemannion/Projects/Makers/week_six/blog/app/controllers/welcome_controller.rb": {
        "lines": [
          1,
          1,
          null,
          null
        ]
      }
    },
    "timestamp": 1584006060
  },
  "Minitest": {
    "coverage": {
      "/Users/charlottemannion/Projects/Makers/week_six/blog/config/environment.rb": {
        "lines": [
          null,
          1,
          null,
          null,
          1
        ]
      },
      "/Users/charlottemannion/Projects/Makers/week_six/blog/config/environments/test.rb": {
        "lines": [
          null,
          null,
          null,
          null,
          null,
          1,
          null,
          null,
          1,
          null,
          null,
          null,
          null,
          1,
          null,
          null,
          1,
          1,
          null,
          null,
          null,
          null,
          1,
          1,
          1,
          null,
          null,
          1,
          null,
          null,
          1,
          null,
          null,
          1,
          null,
          1,
          null,
          null,
          null,
          null,
          1,
          null,
          null,
          1,
          null,
          null,
          null,
          null
        ]
      },
      "/Users/charlottemannion/Projects/Makers/week_six/blog/config/initializers/application_controller_renderer.rb": {
        "lines": [
          null,
          null,
          null,
          null,
          null,
          null,
          null,
          null
        ]
      },
      "/Users/charlottemannion/Projects/Makers/week_six/blog/config/initializers/assets.rb": {
        "lines": [
          null,
          null,
          null,
          1,
          null,
          null,
          null,
          null,
          1,
          null,
          null,
          null,
          null,
          null
        ]
      },
      "/Users/charlottemannion/Projects/Makers/week_six/blog/config/initializers/backtrace_silencers.rb": {
        "lines": [
          null,
          null,
          null,
          null,
          null,
          null,
          null
        ]
      },
      "/Users/charlottemannion/Projects/Makers/week_six/blog/config/initializers/content_security_policy.rb": {
        "lines": [
          null,
          null,
          null,
          null,
          null,
          null,
          null,
          null,
          null,
          null,
          null,
          null,
          null,
          null,
          null,
          null,
          null,
          null,
          null,
          null,
          null,
          null,
          null,
          null,
          null,
          null,
          null,
          null,
          null,
          null
        ]
      },
      "/Users/charlottemannion/Projects/Makers/week_six/blog/config/initializers/cookies_serializer.rb": {
        "lines": [
          null,
          null,
          null,
          null,
          1
        ]
      },
      "/Users/charlottemannion/Projects/Makers/week_six/blog/config/initializers/filter_parameter_logging.rb": {
        "lines": [
          null,
          null,
          null,
          1
        ]
      },
      "/Users/charlottemannion/Projects/Makers/week_six/blog/config/initializers/inflections.rb": {
        "lines": [
          null,
          null,
          null,
          null,
          null,
          null,
          null,
          null,
          null,
          null,
          null,
          null,
          null,
          null,
          null,
          null
        ]
      },
      "/Users/charlottemannion/Projects/Makers/week_six/blog/config/initializers/mime_types.rb": {
        "lines": [
          null,
          null,
          null,
          null
        ]
      },
      "/Users/charlottemannion/Projects/Makers/week_six/blog/config/initializers/wrap_parameters.rb": {
        "lines": [
          null,
          null,
          null,
          null,
          null,
          null,
          1,
          0,
          null,
          null,
          null,
          null,
          null,
          null
        ]
      },
      "/Users/charlottemannion/Projects/Makers/week_six/blog/config/routes.rb": {
        "lines": [
          1,
          1,
          null,
          1,
          1,
          null,
          null,
          1,
          null,
          null
        ]
      }
    },
    "timestamp": 1584006267
  }
}
